<?xml version="1.0" encoding="UTF-8"?>
<!-- Generated by org.testng.reporters.JUnitReportReporter -->
<testsuite hostname="DESKTOP-MJA3542" failures="0" tests="1" name="Selleniun_start_projects.Selleniun_start_projects.AppTest" time="7.884" errors="0" timestamp="9 Mar 2024 22:42:13 GMT">
  <testcase classname="Selleniun_start_projects.Selleniun_start_projects.AppTest" name="Tests1" time="7.884"/>
</testsuite> <!-- Selleniun_start_projects.Selleniun_start_projects.AppTest -->
